Determining if the function pthread_create exists in the pthreads failed with the following output:
Change Dir: /home/apollon/robotino_workspace/hydro/cs_merge/cs_merge_msgs/build/CMakeFiles/CMakeTmp

Run Build Command:/usr/bin/make "cmTryCompileExec/fast"
make[1]: Entering directory `/home/apollon/robotino_workspace/hydro/cs_merge/cs_merge_msgs/build/CMakeFiles/CMakeTmp'
/usr/bin/make -f CMakeFiles/cmTryCompileExec.dir/build.make CMakeFiles/cmTryCompileExec.dir/build
make[2]: Entering directory `/home/apollon/robotino_workspace/hydro/cs_merge/cs_merge_msgs/build/CMakeFiles/CMakeTmp'
/usr/bin/cmake -E cmake_progress_report /home/apollon/robotino_workspace/hydro/cs_merge/cs_merge_msgs/build/CMakeFiles/CMakeTmp/CMakeFiles 1
Building C object CMakeFiles/cmTryCompileExec.dir/CheckFunctionExists.c.o
/usr/bin/gcc   -DCHECK_FUNCTION_EXISTS=pthread_create   -o CMakeFiles/cmTryCompileExec.dir/CheckFunctionExists.c.o   -c /usr/share/cmake-2.8/Modules/CheckFunctionExists.c
Linking C executable cmTryCompileExec
/usr/bin/cmake -E cmake_link_script CMakeFiles/cmTryCompileExec.dir/link.txt --verbose=1
/usr/bin/gcc     -DCHECK_FUNCTION_EXISTS=pthread_create    CMakeFiles/cmTryCompileExec.dir/CheckFunctionExists.c.o  -o cmTryCompileExec -rdynamic -lpthreads 
/usr/bin/ld: cannot find -lpthreads
collect2: ld returned 1 exit status
make[2]: *** [cmTryCompileExec] Error 1
make[2]: Leaving directory `/home/apollon/robotino_workspace/hydro/cs_merge/cs_merge_msgs/build/CMakeFiles/CMakeTmp'
make[1]: *** [cmTryCompileExec/fast] Error 2
make[1]: Leaving directory `/home/apollon/robotino_workspace/hydro/cs_merge/cs_merge_msgs/build/CMakeFiles/CMakeTmp'


Determining if the pthread_create exist failed with the following output:
Change Dir: /home/christian/BachelorThesis/workspace/cs_merge/cs_merge_msgs/build/CMakeFiles/CMakeTmp

Run Build Command:/usr/bin/make "cmTryCompileExec413069115/fast"
make[1]: Verzeichnis »/home/christian/BachelorThesis/workspace/cs_merge/cs_merge_msgs/build/CMakeFiles/CMakeTmp« wird betreten
/usr/bin/make -f CMakeFiles/cmTryCompileExec413069115.dir/build.make CMakeFiles/cmTryCompileExec413069115.dir/build
make[2]: Verzeichnis »/home/christian/BachelorThesis/workspace/cs_merge/cs_merge_msgs/build/CMakeFiles/CMakeTmp« wird betreten
/usr/bin/cmake -E cmake_progress_report /home/christian/BachelorThesis/workspace/cs_merge/cs_merge_msgs/build/CMakeFiles/CMakeTmp/CMakeFiles 1
Building C object CMakeFiles/cmTryCompileExec413069115.dir/CheckSymbolExists.c.o
/usr/bin/cc    -o CMakeFiles/cmTryCompileExec413069115.dir/CheckSymbolExists.c.o   -c /home/christian/BachelorThesis/workspace/cs_merge/cs_merge_msgs/build/CMakeFiles/CMakeTmp/CheckSymbolExists.c
Linking C executable cmTryCompileExec413069115
/usr/bin/cmake -E cmake_link_script CMakeFiles/cmTryCompileExec413069115.dir/link.txt --verbose=1
/usr/bin/cc       CMakeFiles/cmTryCompileExec413069115.dir/CheckSymbolExists.c.o  -o cmTryCompileExec413069115 -rdynamic 
CMakeFiles/cmTryCompileExec413069115.dir/CheckSymbolExists.c.o: In Funktion `main':
CheckSymbolExists.c:(.text+0x16): Nicht definierter Verweis auf `pthread_create'
collect2: error: ld returned 1 exit status
make[2]: *** [cmTryCompileExec413069115] Fehler 1
make[2]: Verzeichnis »/home/christian/BachelorThesis/workspace/cs_merge/cs_merge_msgs/build/CMakeFiles/CMakeTmp« wird verlassen
make[1]: *** [cmTryCompileExec413069115/fast] Fehler 2
make[1]: Verzeichnis »/home/christian/BachelorThesis/workspace/cs_merge/cs_merge_msgs/build/CMakeFiles/CMakeTmp« wird verlassen

File /home/christian/BachelorThesis/workspace/cs_merge/cs_merge_msgs/build/CMakeFiles/CMakeTmp/CheckSymbolExists.c:
/* */
#include <pthread.h>

int main(int argc, char** argv)
{
  (void)argv;
#ifndef pthread_create
  return ((int*)(&pthread_create))[argc];
#else
  (void)argc;
  return 0;
#endif
}

Determining if the function pthread_create exists in the pthreads failed with the following output:
Change Dir: /home/christian/BachelorThesis/workspace/cs_merge/cs_merge_msgs/build/CMakeFiles/CMakeTmp

Run Build Command:/usr/bin/make "cmTryCompileExec3160095736/fast"
make[1]: Verzeichnis »/home/christian/BachelorThesis/workspace/cs_merge/cs_merge_msgs/build/CMakeFiles/CMakeTmp« wird betreten
/usr/bin/make -f CMakeFiles/cmTryCompileExec3160095736.dir/build.make CMakeFiles/cmTryCompileExec3160095736.dir/build
make[2]: Verzeichnis »/home/christian/BachelorThesis/workspace/cs_merge/cs_merge_msgs/build/CMakeFiles/CMakeTmp« wird betreten
/usr/bin/cmake -E cmake_progress_report /home/christian/BachelorThesis/workspace/cs_merge/cs_merge_msgs/build/CMakeFiles/CMakeTmp/CMakeFiles 1
Building C object CMakeFiles/cmTryCompileExec3160095736.dir/CheckFunctionExists.c.o
/usr/bin/cc   -DCHECK_FUNCTION_EXISTS=pthread_create   -o CMakeFiles/cmTryCompileExec3160095736.dir/CheckFunctionExists.c.o   -c /usr/share/cmake-2.8/Modules/CheckFunctionExists.c
Linking C executable cmTryCompileExec3160095736
/usr/bin/cmake -E cmake_link_script CMakeFiles/cmTryCompileExec3160095736.dir/link.txt --verbose=1
/usr/bin/cc   -DCHECK_FUNCTION_EXISTS=pthread_create    CMakeFiles/cmTryCompileExec3160095736.dir/CheckFunctionExists.c.o  -o cmTryCompileExec3160095736 -rdynamic -lpthreads 
/usr/bin/ld: cannot find -lpthreads
collect2: error: ld returned 1 exit status
make[2]: Verzeichnis »/home/christian/BachelorThesis/workspace/cs_merge/cs_merge_msgs/build/CMakeFiles/CMakeTmp« wird verlassen
make[2]: *** [cmTryCompileExec3160095736] Fehler 1
make[1]: Verzeichnis »/home/christian/BachelorThesis/workspace/cs_merge/cs_merge_msgs/build/CMakeFiles/CMakeTmp« wird verlassen
make[1]: *** [cmTryCompileExec3160095736/fast] Fehler 2


Determining if the function pthread_create exists in the pthreads failed with the following output:
Change Dir: /home/apollon/robotino_workspace/hydro/cs_merge/cs_merge_msgs/build/CMakeFiles/CMakeTmp

Run Build Command:/usr/bin/make "cmTryCompileExec/fast"
make[1]: Entering directory `/home/apollon/robotino_workspace/hydro/cs_merge/cs_merge_msgs/build/CMakeFiles/CMakeTmp'
/usr/bin/make -f CMakeFiles/cmTryCompileExec.dir/build.make CMakeFiles/cmTryCompileExec.dir/build
make[2]: Entering directory `/home/apollon/robotino_workspace/hydro/cs_merge/cs_merge_msgs/build/CMakeFiles/CMakeTmp'
/usr/bin/cmake -E cmake_progress_report /home/apollon/robotino_workspace/hydro/cs_merge/cs_merge_msgs/build/CMakeFiles/CMakeTmp/CMakeFiles 1
Building C object CMakeFiles/cmTryCompileExec.dir/CheckFunctionExists.c.o
/usr/bin/gcc   -DCHECK_FUNCTION_EXISTS=pthread_create   -o CMakeFiles/cmTryCompileExec.dir/CheckFunctionExists.c.o   -c /usr/share/cmake-2.8/Modules/CheckFunctionExists.c
Linking C executable cmTryCompileExec
/usr/bin/cmake -E cmake_link_script CMakeFiles/cmTryCompileExec.dir/link.txt --verbose=1
/usr/bin/gcc     -DCHECK_FUNCTION_EXISTS=pthread_create    CMakeFiles/cmTryCompileExec.dir/CheckFunctionExists.c.o  -o cmTryCompileExec -rdynamic -lpthreads 
/usr/bin/ld: cannot find -lpthreads
collect2: ld returned 1 exit status
make[2]: *** [cmTryCompileExec] Error 1
make[2]: Leaving directory `/home/apollon/robotino_workspace/hydro/cs_merge/cs_merge_msgs/build/CMakeFiles/CMakeTmp'
make[1]: *** [cmTryCompileExec/fast] Error 2
make[1]: Leaving directory `/home/apollon/robotino_workspace/hydro/cs_merge/cs_merge_msgs/build/CMakeFiles/CMakeTmp'


Determining if the pthread_create exist failed with the following output:
Change Dir: /home/christian/BachelorThesis/workspace/cs_merge/cs_merge_msgs/build/CMakeFiles/CMakeTmp

Run Build Command:/usr/bin/make "cmTryCompileExec637290459/fast"
make[1]: Verzeichnis »/home/christian/BachelorThesis/workspace/cs_merge/cs_merge_msgs/build/CMakeFiles/CMakeTmp« wird betreten
/usr/bin/make -f CMakeFiles/cmTryCompileExec637290459.dir/build.make CMakeFiles/cmTryCompileExec637290459.dir/build
make[2]: Verzeichnis »/home/christian/BachelorThesis/workspace/cs_merge/cs_merge_msgs/build/CMakeFiles/CMakeTmp« wird betreten
/usr/bin/cmake -E cmake_progress_report /home/christian/BachelorThesis/workspace/cs_merge/cs_merge_msgs/build/CMakeFiles/CMakeTmp/CMakeFiles 1
Building C object CMakeFiles/cmTryCompileExec637290459.dir/CheckSymbolExists.c.o
/usr/bin/cc    -o CMakeFiles/cmTryCompileExec637290459.dir/CheckSymbolExists.c.o   -c /home/christian/BachelorThesis/workspace/cs_merge/cs_merge_msgs/build/CMakeFiles/CMakeTmp/CheckSymbolExists.c
Linking C executable cmTryCompileExec637290459
/usr/bin/cmake -E cmake_link_script CMakeFiles/cmTryCompileExec637290459.dir/link.txt --verbose=1
/usr/bin/cc       CMakeFiles/cmTryCompileExec637290459.dir/CheckSymbolExists.c.o  -o cmTryCompileExec637290459 -rdynamic 
CMakeFiles/cmTryCompileExec637290459.dir/CheckSymbolExists.c.o: In Funktion `main':
CheckSymbolExists.c:(.text+0x16): Nicht definierter Verweis auf `pthread_create'
collect2: error: ld returned 1 exit status
make[2]: Verzeichnis »/home/christian/BachelorThesis/workspace/cs_merge/cs_merge_msgs/build/CMakeFiles/CMakeTmp« wird verlassen
make[2]: *** [cmTryCompileExec637290459] Fehler 1
make[1]: *** [cmTryCompileExec637290459/fast] Fehler 2
make[1]: Verzeichnis »/home/christian/BachelorThesis/workspace/cs_merge/cs_merge_msgs/build/CMakeFiles/CMakeTmp« wird verlassen

File /home/christian/BachelorThesis/workspace/cs_merge/cs_merge_msgs/build/CMakeFiles/CMakeTmp/CheckSymbolExists.c:
/* */
#include <pthread.h>

int main(int argc, char** argv)
{
  (void)argv;
#ifndef pthread_create
  return ((int*)(&pthread_create))[argc];
#else
  (void)argc;
  return 0;
#endif
}

Determining if the function pthread_create exists in the pthreads failed with the following output:
Change Dir: /home/christian/BachelorThesis/workspace/cs_merge/cs_merge_msgs/build/CMakeFiles/CMakeTmp

Run Build Command:/usr/bin/make "cmTryCompileExec107468996/fast"
make[1]: Verzeichnis »/home/christian/BachelorThesis/workspace/cs_merge/cs_merge_msgs/build/CMakeFiles/CMakeTmp« wird betreten
/usr/bin/make -f CMakeFiles/cmTryCompileExec107468996.dir/build.make CMakeFiles/cmTryCompileExec107468996.dir/build
make[2]: Verzeichnis »/home/christian/BachelorThesis/workspace/cs_merge/cs_merge_msgs/build/CMakeFiles/CMakeTmp« wird betreten
/usr/bin/cmake -E cmake_progress_report /home/christian/BachelorThesis/workspace/cs_merge/cs_merge_msgs/build/CMakeFiles/CMakeTmp/CMakeFiles 1
Building C object CMakeFiles/cmTryCompileExec107468996.dir/CheckFunctionExists.c.o
/usr/bin/cc   -DCHECK_FUNCTION_EXISTS=pthread_create   -o CMakeFiles/cmTryCompileExec107468996.dir/CheckFunctionExists.c.o   -c /usr/share/cmake-2.8/Modules/CheckFunctionExists.c
Linking C executable cmTryCompileExec107468996
/usr/bin/cmake -E cmake_link_script CMakeFiles/cmTryCompileExec107468996.dir/link.txt --verbose=1
/usr/bin/cc   -DCHECK_FUNCTION_EXISTS=pthread_create    CMakeFiles/cmTryCompileExec107468996.dir/CheckFunctionExists.c.o  -o cmTryCompileExec107468996 -rdynamic -lpthreads 
/usr/bin/ld: cannot find -lpthreads
collect2: error: ld returned 1 exit status
make[2]: *** [cmTryCompileExec107468996] Fehler 1
make[2]: Verzeichnis »/home/christian/BachelorThesis/workspace/cs_merge/cs_merge_msgs/build/CMakeFiles/CMakeTmp« wird verlassen
make[1]: *** [cmTryCompileExec107468996/fast] Fehler 2
make[1]: Verzeichnis »/home/christian/BachelorThesis/workspace/cs_merge/cs_merge_msgs/build/CMakeFiles/CMakeTmp« wird verlassen


Determining if the function pthread_create exists in the pthreads failed with the following output:
Change Dir: /home/apollon/robotino_workspace/hydro/cs_merge/cs_merge_msgs/build/CMakeFiles/CMakeTmp

Run Build Command:/usr/bin/make "cmTryCompileExec/fast"
make[1]: Entering directory `/home/apollon/robotino_workspace/hydro/cs_merge/cs_merge_msgs/build/CMakeFiles/CMakeTmp'
/usr/bin/make -f CMakeFiles/cmTryCompileExec.dir/build.make CMakeFiles/cmTryCompileExec.dir/build
make[2]: Entering directory `/home/apollon/robotino_workspace/hydro/cs_merge/cs_merge_msgs/build/CMakeFiles/CMakeTmp'
/usr/bin/cmake -E cmake_progress_report /home/apollon/robotino_workspace/hydro/cs_merge/cs_merge_msgs/build/CMakeFiles/CMakeTmp/CMakeFiles 1
Building C object CMakeFiles/cmTryCompileExec.dir/CheckFunctionExists.c.o
/usr/bin/gcc   -DCHECK_FUNCTION_EXISTS=pthread_create   -o CMakeFiles/cmTryCompileExec.dir/CheckFunctionExists.c.o   -c /usr/share/cmake-2.8/Modules/CheckFunctionExists.c
Linking C executable cmTryCompileExec
/usr/bin/cmake -E cmake_link_script CMakeFiles/cmTryCompileExec.dir/link.txt --verbose=1
/usr/bin/gcc     -DCHECK_FUNCTION_EXISTS=pthread_create    CMakeFiles/cmTryCompileExec.dir/CheckFunctionExists.c.o  -o cmTryCompileExec -rdynamic -lpthreads 
/usr/bin/ld: cannot find -lpthreads
collect2: ld returned 1 exit status
make[2]: *** [cmTryCompileExec] Error 1
make[2]: Leaving directory `/home/apollon/robotino_workspace/hydro/cs_merge/cs_merge_msgs/build/CMakeFiles/CMakeTmp'
make[1]: *** [cmTryCompileExec/fast] Error 2
make[1]: Leaving directory `/home/apollon/robotino_workspace/hydro/cs_merge/cs_merge_msgs/build/CMakeFiles/CMakeTmp'


Determining if the pthread_create exist failed with the following output:
Change Dir: /home/christian/BachelorThesis/workspace/cs_merge/cs_merge_msgs/build/CMakeFiles/CMakeTmp

Run Build Command:/usr/bin/make "cmTryCompileExec1077934783/fast"
make[1]: Verzeichnis »/home/christian/BachelorThesis/workspace/cs_merge/cs_merge_msgs/build/CMakeFiles/CMakeTmp« wird betreten
/usr/bin/make -f CMakeFiles/cmTryCompileExec1077934783.dir/build.make CMakeFiles/cmTryCompileExec1077934783.dir/build
make[2]: Verzeichnis »/home/christian/BachelorThesis/workspace/cs_merge/cs_merge_msgs/build/CMakeFiles/CMakeTmp« wird betreten
/usr/bin/cmake -E cmake_progress_report /home/christian/BachelorThesis/workspace/cs_merge/cs_merge_msgs/build/CMakeFiles/CMakeTmp/CMakeFiles 1
Building C object CMakeFiles/cmTryCompileExec1077934783.dir/CheckSymbolExists.c.o
/usr/bin/cc    -o CMakeFiles/cmTryCompileExec1077934783.dir/CheckSymbolExists.c.o   -c /home/christian/BachelorThesis/workspace/cs_merge/cs_merge_msgs/build/CMakeFiles/CMakeTmp/CheckSymbolExists.c
Linking C executable cmTryCompileExec1077934783
/usr/bin/cmake -E cmake_link_script CMakeFiles/cmTryCompileExec1077934783.dir/link.txt --verbose=1
/usr/bin/cc       CMakeFiles/cmTryCompileExec1077934783.dir/CheckSymbolExists.c.o  -o cmTryCompileExec1077934783 -rdynamic 
CMakeFiles/cmTryCompileExec1077934783.dir/CheckSymbolExists.c.o: In Funktion `main':
CheckSymbolExists.c:(.text+0x16): Nicht definierter Verweis auf `pthread_create'
collect2: error: ld returned 1 exit status
make[2]: *** [cmTryCompileExec1077934783] Fehler 1
make[2]: Verzeichnis »/home/christian/BachelorThesis/workspace/cs_merge/cs_merge_msgs/build/CMakeFiles/CMakeTmp« wird verlassen
make[1]: *** [cmTryCompileExec1077934783/fast] Fehler 2
make[1]: Verzeichnis »/home/christian/BachelorThesis/workspace/cs_merge/cs_merge_msgs/build/CMakeFiles/CMakeTmp« wird verlassen

File /home/christian/BachelorThesis/workspace/cs_merge/cs_merge_msgs/build/CMakeFiles/CMakeTmp/CheckSymbolExists.c:
/* */
#include <pthread.h>

int main(int argc, char** argv)
{
  (void)argv;
#ifndef pthread_create
  return ((int*)(&pthread_create))[argc];
#else
  (void)argc;
  return 0;
#endif
}

Determining if the function pthread_create exists in the pthreads failed with the following output:
Change Dir: /home/christian/BachelorThesis/workspace/cs_merge/cs_merge_msgs/build/CMakeFiles/CMakeTmp

Run Build Command:/usr/bin/make "cmTryCompileExec578462049/fast"
make[1]: Verzeichnis »/home/christian/BachelorThesis/workspace/cs_merge/cs_merge_msgs/build/CMakeFiles/CMakeTmp« wird betreten
/usr/bin/make -f CMakeFiles/cmTryCompileExec578462049.dir/build.make CMakeFiles/cmTryCompileExec578462049.dir/build
make[2]: Verzeichnis »/home/christian/BachelorThesis/workspace/cs_merge/cs_merge_msgs/build/CMakeFiles/CMakeTmp« wird betreten
/usr/bin/cmake -E cmake_progress_report /home/christian/BachelorThesis/workspace/cs_merge/cs_merge_msgs/build/CMakeFiles/CMakeTmp/CMakeFiles 1
Building C object CMakeFiles/cmTryCompileExec578462049.dir/CheckFunctionExists.c.o
/usr/bin/cc   -DCHECK_FUNCTION_EXISTS=pthread_create   -o CMakeFiles/cmTryCompileExec578462049.dir/CheckFunctionExists.c.o   -c /usr/share/cmake-2.8/Modules/CheckFunctionExists.c
Linking C executable cmTryCompileExec578462049
/usr/bin/cmake -E cmake_link_script CMakeFiles/cmTryCompileExec578462049.dir/link.txt --verbose=1
/usr/bin/cc   -DCHECK_FUNCTION_EXISTS=pthread_create    CMakeFiles/cmTryCompileExec578462049.dir/CheckFunctionExists.c.o  -o cmTryCompileExec578462049 -rdynamic -lpthreads 
/usr/bin/ld: cannot find -lpthreads
collect2: error: ld returned 1 exit status
make[2]: *** [cmTryCompileExec578462049] Fehler 1
make[2]: Verzeichnis »/home/christian/BachelorThesis/workspace/cs_merge/cs_merge_msgs/build/CMakeFiles/CMakeTmp« wird verlassen
make[1]: *** [cmTryCompileExec578462049/fast] Fehler 2
make[1]: Verzeichnis »/home/christian/BachelorThesis/workspace/cs_merge/cs_merge_msgs/build/CMakeFiles/CMakeTmp« wird verlassen


Determining if the pthread_create exist failed with the following output:
Change Dir: /home/christian/cs_merge_publication/cs_merge/cs_merge_msgs/build/CMakeFiles/CMakeTmp

Run Build Command:/usr/bin/make "cmTryCompileExec2368490120/fast"
make[1]: Verzeichnis »/home/christian/cs_merge_publication/cs_merge/cs_merge_msgs/build/CMakeFiles/CMakeTmp« wird betreten
/usr/bin/make -f CMakeFiles/cmTryCompileExec2368490120.dir/build.make CMakeFiles/cmTryCompileExec2368490120.dir/build
make[2]: Verzeichnis »/home/christian/cs_merge_publication/cs_merge/cs_merge_msgs/build/CMakeFiles/CMakeTmp« wird betreten
/usr/bin/cmake -E cmake_progress_report /home/christian/cs_merge_publication/cs_merge/cs_merge_msgs/build/CMakeFiles/CMakeTmp/CMakeFiles 1
Building C object CMakeFiles/cmTryCompileExec2368490120.dir/CheckSymbolExists.c.o
/usr/bin/cc    -o CMakeFiles/cmTryCompileExec2368490120.dir/CheckSymbolExists.c.o   -c /home/christian/cs_merge_publication/cs_merge/cs_merge_msgs/build/CMakeFiles/CMakeTmp/CheckSymbolExists.c
Linking C executable cmTryCompileExec2368490120
/usr/bin/cmake -E cmake_link_script CMakeFiles/cmTryCompileExec2368490120.dir/link.txt --verbose=1
/usr/bin/cc       CMakeFiles/cmTryCompileExec2368490120.dir/CheckSymbolExists.c.o  -o cmTryCompileExec2368490120 -rdynamic 
CMakeFiles/cmTryCompileExec2368490120.dir/CheckSymbolExists.c.o: In Funktion `main':
CheckSymbolExists.c:(.text+0x16): Nicht definierter Verweis auf `pthread_create'
collect2: error: ld returned 1 exit status
make[2]: *** [cmTryCompileExec2368490120] Fehler 1
make[2]: Verzeichnis »/home/christian/cs_merge_publication/cs_merge/cs_merge_msgs/build/CMakeFiles/CMakeTmp« wird verlassen
make[1]: *** [cmTryCompileExec2368490120/fast] Fehler 2
make[1]: Verzeichnis »/home/christian/cs_merge_publication/cs_merge/cs_merge_msgs/build/CMakeFiles/CMakeTmp« wird verlassen

File /home/christian/cs_merge_publication/cs_merge/cs_merge_msgs/build/CMakeFiles/CMakeTmp/CheckSymbolExists.c:
/* */
#include <pthread.h>

int main(int argc, char** argv)
{
  (void)argv;
#ifndef pthread_create
  return ((int*)(&pthread_create))[argc];
#else
  (void)argc;
  return 0;
#endif
}

Determining if the function pthread_create exists in the pthreads failed with the following output:
Change Dir: /home/christian/cs_merge_publication/cs_merge/cs_merge_msgs/build/CMakeFiles/CMakeTmp

Run Build Command:/usr/bin/make "cmTryCompileExec3062962324/fast"
make[1]: Verzeichnis »/home/christian/cs_merge_publication/cs_merge/cs_merge_msgs/build/CMakeFiles/CMakeTmp« wird betreten
/usr/bin/make -f CMakeFiles/cmTryCompileExec3062962324.dir/build.make CMakeFiles/cmTryCompileExec3062962324.dir/build
make[2]: Verzeichnis »/home/christian/cs_merge_publication/cs_merge/cs_merge_msgs/build/CMakeFiles/CMakeTmp« wird betreten
/usr/bin/cmake -E cmake_progress_report /home/christian/cs_merge_publication/cs_merge/cs_merge_msgs/build/CMakeFiles/CMakeTmp/CMakeFiles 1
Building C object CMakeFiles/cmTryCompileExec3062962324.dir/CheckFunctionExists.c.o
/usr/bin/cc   -DCHECK_FUNCTION_EXISTS=pthread_create   -o CMakeFiles/cmTryCompileExec3062962324.dir/CheckFunctionExists.c.o   -c /usr/share/cmake-2.8/Modules/CheckFunctionExists.c
Linking C executable cmTryCompileExec3062962324
/usr/bin/cmake -E cmake_link_script CMakeFiles/cmTryCompileExec3062962324.dir/link.txt --verbose=1
/usr/bin/cc   -DCHECK_FUNCTION_EXISTS=pthread_create    CMakeFiles/cmTryCompileExec3062962324.dir/CheckFunctionExists.c.o  -o cmTryCompileExec3062962324 -rdynamic -lpthreads 
/usr/bin/ld: cannot find -lpthreads
collect2: error: ld returned 1 exit status
make[2]: Verzeichnis »/home/christian/cs_merge_publication/cs_merge/cs_merge_msgs/build/CMakeFiles/CMakeTmp« wird verlassen
make[1]: Verzeichnis »/home/christian/cs_merge_publication/cs_merge/cs_merge_msgs/build/CMakeFiles/CMakeTmp« wird verlassen
make[2]: *** [cmTryCompileExec3062962324] Fehler 1
make[1]: *** [cmTryCompileExec3062962324/fast] Fehler 2


