Determining if the function pthread_create exists in the pthreads failed with the following output:
Change Dir: /home/christian/robotino_workspace/hydro/cs_hough/build/CMakeFiles/CMakeTmp

Run Build Command:/usr/bin/make "cmTryCompileExec/fast"
make[1]: Entering directory `/home/christian/robotino_workspace/hydro/cs_hough/build/CMakeFiles/CMakeTmp'
/usr/bin/make -f CMakeFiles/cmTryCompileExec.dir/build.make CMakeFiles/cmTryCompileExec.dir/build
make[2]: Entering directory `/home/christian/robotino_workspace/hydro/cs_hough/build/CMakeFiles/CMakeTmp'
/usr/bin/cmake -E cmake_progress_report /home/christian/robotino_workspace/hydro/cs_hough/build/CMakeFiles/CMakeTmp/CMakeFiles 1
Building C object CMakeFiles/cmTryCompileExec.dir/CheckFunctionExists.c.o
/usr/bin/gcc   -DCHECK_FUNCTION_EXISTS=pthread_create   -o CMakeFiles/cmTryCompileExec.dir/CheckFunctionExists.c.o   -c /usr/share/cmake-2.8/Modules/CheckFunctionExists.c
Linking C executable cmTryCompileExec
/usr/bin/cmake -E cmake_link_script CMakeFiles/cmTryCompileExec.dir/link.txt --verbose=1
/usr/bin/gcc     -DCHECK_FUNCTION_EXISTS=pthread_create    CMakeFiles/cmTryCompileExec.dir/CheckFunctionExists.c.o  -o cmTryCompileExec -rdynamic -lpthreads 
/usr/bin/ld: cannot find -lpthreads
collect2: ld returned 1 exit status
make[2]: *** [cmTryCompileExec] Error 1
make[2]: Leaving directory `/home/christian/robotino_workspace/hydro/cs_hough/build/CMakeFiles/CMakeTmp'
make[1]: Leaving directory `/home/christian/robotino_workspace/hydro/cs_hough/build/CMakeFiles/CMakeTmp'
make[1]: *** [cmTryCompileExec/fast] Error 2


Determining if the pthread_create exist failed with the following output:
Change Dir: /home/christian/BachelorThesis/workspace/cs_hough/build/CMakeFiles/CMakeTmp

Run Build Command:/usr/bin/make "cmTryCompileExec10034241/fast"
make[1]: Verzeichnis »/home/christian/BachelorThesis/workspace/cs_hough/build/CMakeFiles/CMakeTmp« wird betreten
/usr/bin/make -f CMakeFiles/cmTryCompileExec10034241.dir/build.make CMakeFiles/cmTryCompileExec10034241.dir/build
make[2]: Verzeichnis »/home/christian/BachelorThesis/workspace/cs_hough/build/CMakeFiles/CMakeTmp« wird betreten
/usr/bin/cmake -E cmake_progress_report /home/christian/BachelorThesis/workspace/cs_hough/build/CMakeFiles/CMakeTmp/CMakeFiles 1
Building C object CMakeFiles/cmTryCompileExec10034241.dir/CheckSymbolExists.c.o
/usr/bin/cc    -o CMakeFiles/cmTryCompileExec10034241.dir/CheckSymbolExists.c.o   -c /home/christian/BachelorThesis/workspace/cs_hough/build/CMakeFiles/CMakeTmp/CheckSymbolExists.c
Linking C executable cmTryCompileExec10034241
/usr/bin/cmake -E cmake_link_script CMakeFiles/cmTryCompileExec10034241.dir/link.txt --verbose=1
/usr/bin/cc       CMakeFiles/cmTryCompileExec10034241.dir/CheckSymbolExists.c.o  -o cmTryCompileExec10034241 -rdynamic 
CMakeFiles/cmTryCompileExec10034241.dir/CheckSymbolExists.c.o: In Funktion `main':
CheckSymbolExists.c:(.text+0x16): Nicht definierter Verweis auf `pthread_create'
collect2: error: ld returned 1 exit status
make[2]: Verzeichnis »/home/christian/BachelorThesis/workspace/cs_hough/build/CMakeFiles/CMakeTmp« wird verlassen
make[2]: *** [cmTryCompileExec10034241] Fehler 1
make[1]: Verzeichnis »/home/christian/BachelorThesis/workspace/cs_hough/build/CMakeFiles/CMakeTmp« wird verlassen
make[1]: *** [cmTryCompileExec10034241/fast] Fehler 2

File /home/christian/BachelorThesis/workspace/cs_hough/build/CMakeFiles/CMakeTmp/CheckSymbolExists.c:
/* */
#include <pthread.h>

int main(int argc, char** argv)
{
  (void)argv;
#ifndef pthread_create
  return ((int*)(&pthread_create))[argc];
#else
  (void)argc;
  return 0;
#endif
}

Determining if the function pthread_create exists in the pthreads failed with the following output:
Change Dir: /home/christian/BachelorThesis/workspace/cs_hough/build/CMakeFiles/CMakeTmp

Run Build Command:/usr/bin/make "cmTryCompileExec1165091772/fast"
make[1]: Verzeichnis »/home/christian/BachelorThesis/workspace/cs_hough/build/CMakeFiles/CMakeTmp« wird betreten
/usr/bin/make -f CMakeFiles/cmTryCompileExec1165091772.dir/build.make CMakeFiles/cmTryCompileExec1165091772.dir/build
make[2]: Verzeichnis »/home/christian/BachelorThesis/workspace/cs_hough/build/CMakeFiles/CMakeTmp« wird betreten
/usr/bin/cmake -E cmake_progress_report /home/christian/BachelorThesis/workspace/cs_hough/build/CMakeFiles/CMakeTmp/CMakeFiles 1
Building C object CMakeFiles/cmTryCompileExec1165091772.dir/CheckFunctionExists.c.o
/usr/bin/cc   -DCHECK_FUNCTION_EXISTS=pthread_create   -o CMakeFiles/cmTryCompileExec1165091772.dir/CheckFunctionExists.c.o   -c /usr/share/cmake-2.8/Modules/CheckFunctionExists.c
Linking C executable cmTryCompileExec1165091772
/usr/bin/cmake -E cmake_link_script CMakeFiles/cmTryCompileExec1165091772.dir/link.txt --verbose=1
/usr/bin/cc   -DCHECK_FUNCTION_EXISTS=pthread_create    CMakeFiles/cmTryCompileExec1165091772.dir/CheckFunctionExists.c.o  -o cmTryCompileExec1165091772 -rdynamic -lpthreads 
/usr/bin/ld: cannot find -lpthreads
collect2: error: ld returned 1 exit status
make[2]: *** [cmTryCompileExec1165091772] Fehler 1
make[2]: Verzeichnis »/home/christian/BachelorThesis/workspace/cs_hough/build/CMakeFiles/CMakeTmp« wird verlassen
make[1]: *** [cmTryCompileExec1165091772/fast] Fehler 2
make[1]: Verzeichnis »/home/christian/BachelorThesis/workspace/cs_hough/build/CMakeFiles/CMakeTmp« wird verlassen


Determining if the pthread_create exist failed with the following output:
Change Dir: /home/christian/BachelorThesis/workspace/cs_merge/cs_hough/build/CMakeFiles/CMakeTmp

Run Build Command:/usr/bin/make "cmTryCompileExec1414017140/fast"
make[1]: Verzeichnis »/home/christian/BachelorThesis/workspace/cs_merge/cs_hough/build/CMakeFiles/CMakeTmp« wird betreten
/usr/bin/make -f CMakeFiles/cmTryCompileExec1414017140.dir/build.make CMakeFiles/cmTryCompileExec1414017140.dir/build
make[2]: Verzeichnis »/home/christian/BachelorThesis/workspace/cs_merge/cs_hough/build/CMakeFiles/CMakeTmp« wird betreten
/usr/bin/cmake -E cmake_progress_report /home/christian/BachelorThesis/workspace/cs_merge/cs_hough/build/CMakeFiles/CMakeTmp/CMakeFiles 1
Building C object CMakeFiles/cmTryCompileExec1414017140.dir/CheckSymbolExists.c.o
/usr/bin/cc    -o CMakeFiles/cmTryCompileExec1414017140.dir/CheckSymbolExists.c.o   -c /home/christian/BachelorThesis/workspace/cs_merge/cs_hough/build/CMakeFiles/CMakeTmp/CheckSymbolExists.c
Linking C executable cmTryCompileExec1414017140
/usr/bin/cmake -E cmake_link_script CMakeFiles/cmTryCompileExec1414017140.dir/link.txt --verbose=1
/usr/bin/cc       CMakeFiles/cmTryCompileExec1414017140.dir/CheckSymbolExists.c.o  -o cmTryCompileExec1414017140 -rdynamic 
CMakeFiles/cmTryCompileExec1414017140.dir/CheckSymbolExists.c.o: In Funktion `main':
CheckSymbolExists.c:(.text+0x16): Nicht definierter Verweis auf `pthread_create'
collect2: error: ld returned 1 exit status
make[2]: *** [cmTryCompileExec1414017140] Fehler 1
make[2]: Verzeichnis »/home/christian/BachelorThesis/workspace/cs_merge/cs_hough/build/CMakeFiles/CMakeTmp« wird verlassen
make[1]: *** [cmTryCompileExec1414017140/fast] Fehler 2
make[1]: Verzeichnis »/home/christian/BachelorThesis/workspace/cs_merge/cs_hough/build/CMakeFiles/CMakeTmp« wird verlassen

File /home/christian/BachelorThesis/workspace/cs_merge/cs_hough/build/CMakeFiles/CMakeTmp/CheckSymbolExists.c:
/* */
#include <pthread.h>

int main(int argc, char** argv)
{
  (void)argv;
#ifndef pthread_create
  return ((int*)(&pthread_create))[argc];
#else
  (void)argc;
  return 0;
#endif
}

Determining if the function pthread_create exists in the pthreads failed with the following output:
Change Dir: /home/christian/BachelorThesis/workspace/cs_merge/cs_hough/build/CMakeFiles/CMakeTmp

Run Build Command:/usr/bin/make "cmTryCompileExec4218540988/fast"
make[1]: Verzeichnis »/home/christian/BachelorThesis/workspace/cs_merge/cs_hough/build/CMakeFiles/CMakeTmp« wird betreten
/usr/bin/make -f CMakeFiles/cmTryCompileExec4218540988.dir/build.make CMakeFiles/cmTryCompileExec4218540988.dir/build
make[2]: Verzeichnis »/home/christian/BachelorThesis/workspace/cs_merge/cs_hough/build/CMakeFiles/CMakeTmp« wird betreten
/usr/bin/cmake -E cmake_progress_report /home/christian/BachelorThesis/workspace/cs_merge/cs_hough/build/CMakeFiles/CMakeTmp/CMakeFiles 1
Building C object CMakeFiles/cmTryCompileExec4218540988.dir/CheckFunctionExists.c.o
/usr/bin/cc   -DCHECK_FUNCTION_EXISTS=pthread_create   -o CMakeFiles/cmTryCompileExec4218540988.dir/CheckFunctionExists.c.o   -c /usr/share/cmake-2.8/Modules/CheckFunctionExists.c
Linking C executable cmTryCompileExec4218540988
/usr/bin/cmake -E cmake_link_script CMakeFiles/cmTryCompileExec4218540988.dir/link.txt --verbose=1
/usr/bin/cc   -DCHECK_FUNCTION_EXISTS=pthread_create    CMakeFiles/cmTryCompileExec4218540988.dir/CheckFunctionExists.c.o  -o cmTryCompileExec4218540988 -rdynamic -lpthreads 
/usr/bin/ld: cannot find -lpthreads
collect2: error: ld returned 1 exit status
make[2]: *** [cmTryCompileExec4218540988] Fehler 1
make[2]: Verzeichnis »/home/christian/BachelorThesis/workspace/cs_merge/cs_hough/build/CMakeFiles/CMakeTmp« wird verlassen
make[1]: *** [cmTryCompileExec4218540988/fast] Fehler 2
make[1]: Verzeichnis »/home/christian/BachelorThesis/workspace/cs_merge/cs_hough/build/CMakeFiles/CMakeTmp« wird verlassen


Determining if the function pthread_create exists in the pthreads failed with the following output:
Change Dir: /home/apollon/robotino_workspace/hydro/cs_merge/cs_hough/build/CMakeFiles/CMakeTmp

Run Build Command:/usr/bin/make "cmTryCompileExec/fast"
make[1]: Entering directory `/home/apollon/robotino_workspace/hydro/cs_merge/cs_hough/build/CMakeFiles/CMakeTmp'
/usr/bin/make -f CMakeFiles/cmTryCompileExec.dir/build.make CMakeFiles/cmTryCompileExec.dir/build
make[2]: Entering directory `/home/apollon/robotino_workspace/hydro/cs_merge/cs_hough/build/CMakeFiles/CMakeTmp'
/usr/bin/cmake -E cmake_progress_report /home/apollon/robotino_workspace/hydro/cs_merge/cs_hough/build/CMakeFiles/CMakeTmp/CMakeFiles 1
Building C object CMakeFiles/cmTryCompileExec.dir/CheckFunctionExists.c.o
/usr/bin/gcc   -DCHECK_FUNCTION_EXISTS=pthread_create   -o CMakeFiles/cmTryCompileExec.dir/CheckFunctionExists.c.o   -c /usr/share/cmake-2.8/Modules/CheckFunctionExists.c
Linking C executable cmTryCompileExec
/usr/bin/cmake -E cmake_link_script CMakeFiles/cmTryCompileExec.dir/link.txt --verbose=1
/usr/bin/gcc     -DCHECK_FUNCTION_EXISTS=pthread_create    CMakeFiles/cmTryCompileExec.dir/CheckFunctionExists.c.o  -o cmTryCompileExec -rdynamic -lpthreads 
/usr/bin/ld: cannot find -lpthreads
collect2: ld returned 1 exit status
make[2]: *** [cmTryCompileExec] Error 1
make[2]: Leaving directory `/home/apollon/robotino_workspace/hydro/cs_merge/cs_hough/build/CMakeFiles/CMakeTmp'
make[1]: *** [cmTryCompileExec/fast] Error 2
make[1]: Leaving directory `/home/apollon/robotino_workspace/hydro/cs_merge/cs_hough/build/CMakeFiles/CMakeTmp'


Determining if the function pthread_create exists in the pthreads failed with the following output:
Change Dir: /home/apollon/robotino_workspace/hydro/cs_merge/cs_icp/build/CMakeFiles/CMakeTmp

Run Build Command:/usr/bin/make "cmTryCompileExec/fast"
make[1]: Entering directory `/home/apollon/robotino_workspace/hydro/cs_merge/cs_icp/build/CMakeFiles/CMakeTmp'
/usr/bin/make -f CMakeFiles/cmTryCompileExec.dir/build.make CMakeFiles/cmTryCompileExec.dir/build
make[2]: Entering directory `/home/apollon/robotino_workspace/hydro/cs_merge/cs_icp/build/CMakeFiles/CMakeTmp'
/usr/bin/cmake -E cmake_progress_report /home/apollon/robotino_workspace/hydro/cs_merge/cs_icp/build/CMakeFiles/CMakeTmp/CMakeFiles 1
Building C object CMakeFiles/cmTryCompileExec.dir/CheckFunctionExists.c.o
/usr/bin/gcc   -DCHECK_FUNCTION_EXISTS=pthread_create   -o CMakeFiles/cmTryCompileExec.dir/CheckFunctionExists.c.o   -c /usr/share/cmake-2.8/Modules/CheckFunctionExists.c
Linking C executable cmTryCompileExec
/usr/bin/cmake -E cmake_link_script CMakeFiles/cmTryCompileExec.dir/link.txt --verbose=1
/usr/bin/gcc     -DCHECK_FUNCTION_EXISTS=pthread_create    CMakeFiles/cmTryCompileExec.dir/CheckFunctionExists.c.o  -o cmTryCompileExec -rdynamic -lpthreads 
/usr/bin/ld: cannot find -lpthreads
collect2: ld returned 1 exit status
make[2]: *** [cmTryCompileExec] Error 1
make[2]: Leaving directory `/home/apollon/robotino_workspace/hydro/cs_merge/cs_icp/build/CMakeFiles/CMakeTmp'
make[1]: Leaving directory `/home/apollon/robotino_workspace/hydro/cs_merge/cs_icp/build/CMakeFiles/CMakeTmp'
make[1]: *** [cmTryCompileExec/fast] Error 2


Determining if the function pthread_create exists in the pthreads failed with the following output:
Change Dir: /home/apollon/robotino_workspace/hydro/cs_merge/cs_merge_icp/build/CMakeFiles/CMakeTmp

Run Build Command:/usr/bin/make "cmTryCompileExec/fast"
make[1]: Entering directory `/home/apollon/robotino_workspace/hydro/cs_merge/cs_merge_icp/build/CMakeFiles/CMakeTmp'
/usr/bin/make -f CMakeFiles/cmTryCompileExec.dir/build.make CMakeFiles/cmTryCompileExec.dir/build
make[2]: Entering directory `/home/apollon/robotino_workspace/hydro/cs_merge/cs_merge_icp/build/CMakeFiles/CMakeTmp'
/usr/bin/cmake -E cmake_progress_report /home/apollon/robotino_workspace/hydro/cs_merge/cs_merge_icp/build/CMakeFiles/CMakeTmp/CMakeFiles 1
Building C object CMakeFiles/cmTryCompileExec.dir/CheckFunctionExists.c.o
/usr/bin/gcc   -DCHECK_FUNCTION_EXISTS=pthread_create   -o CMakeFiles/cmTryCompileExec.dir/CheckFunctionExists.c.o   -c /usr/share/cmake-2.8/Modules/CheckFunctionExists.c
Linking C executable cmTryCompileExec
/usr/bin/cmake -E cmake_link_script CMakeFiles/cmTryCompileExec.dir/link.txt --verbose=1
/usr/bin/gcc     -DCHECK_FUNCTION_EXISTS=pthread_create    CMakeFiles/cmTryCompileExec.dir/CheckFunctionExists.c.o  -o cmTryCompileExec -rdynamic -lpthreads 
/usr/bin/ld: cannot find -lpthreads
collect2: ld returned 1 exit status
make[2]: *** [cmTryCompileExec] Error 1
make[2]: Leaving directory `/home/apollon/robotino_workspace/hydro/cs_merge/cs_merge_icp/build/CMakeFiles/CMakeTmp'
make[1]: *** [cmTryCompileExec/fast] Error 2
make[1]: Leaving directory `/home/apollon/robotino_workspace/hydro/cs_merge/cs_merge_icp/build/CMakeFiles/CMakeTmp'


Determining if the function pthread_create exists in the pthreads failed with the following output:
Change Dir: /home/apollon/robotino_workspace/hydro/cs_merge/cs_merge_icp/build/CMakeFiles/CMakeTmp

Run Build Command:/usr/bin/make "cmTryCompileExec/fast"
make[1]: Entering directory `/home/apollon/robotino_workspace/hydro/cs_merge/cs_merge_icp/build/CMakeFiles/CMakeTmp'
/usr/bin/make -f CMakeFiles/cmTryCompileExec.dir/build.make CMakeFiles/cmTryCompileExec.dir/build
make[2]: Entering directory `/home/apollon/robotino_workspace/hydro/cs_merge/cs_merge_icp/build/CMakeFiles/CMakeTmp'
/usr/bin/cmake -E cmake_progress_report /home/apollon/robotino_workspace/hydro/cs_merge/cs_merge_icp/build/CMakeFiles/CMakeTmp/CMakeFiles 1
Building C object CMakeFiles/cmTryCompileExec.dir/CheckFunctionExists.c.o
/usr/bin/gcc   -DCHECK_FUNCTION_EXISTS=pthread_create   -o CMakeFiles/cmTryCompileExec.dir/CheckFunctionExists.c.o   -c /usr/share/cmake-2.8/Modules/CheckFunctionExists.c
Linking C executable cmTryCompileExec
/usr/bin/cmake -E cmake_link_script CMakeFiles/cmTryCompileExec.dir/link.txt --verbose=1
/usr/bin/gcc     -DCHECK_FUNCTION_EXISTS=pthread_create    CMakeFiles/cmTryCompileExec.dir/CheckFunctionExists.c.o  -o cmTryCompileExec -rdynamic -lpthreads 
/usr/bin/ld: cannot find -lpthreads
collect2: ld returned 1 exit status
make[2]: Leaving directory `/home/apollon/robotino_workspace/hydro/cs_merge/cs_merge_icp/build/CMakeFiles/CMakeTmp'
make[2]: *** [cmTryCompileExec] Error 1
make[1]: *** [cmTryCompileExec/fast] Error 2
make[1]: Leaving directory `/home/apollon/robotino_workspace/hydro/cs_merge/cs_merge_icp/build/CMakeFiles/CMakeTmp'


Determining if the pthread_create exist failed with the following output:
Change Dir: /home/christian/BachelorThesis/workspace/cs_merge/cs_merge_icp/build/CMakeFiles/CMakeTmp

Run Build Command:/usr/bin/make "cmTryCompileExec892873144/fast"
make[1]: Verzeichnis »/home/christian/BachelorThesis/workspace/cs_merge/cs_merge_icp/build/CMakeFiles/CMakeTmp« wird betreten
/usr/bin/make -f CMakeFiles/cmTryCompileExec892873144.dir/build.make CMakeFiles/cmTryCompileExec892873144.dir/build
make[2]: Verzeichnis »/home/christian/BachelorThesis/workspace/cs_merge/cs_merge_icp/build/CMakeFiles/CMakeTmp« wird betreten
/usr/bin/cmake -E cmake_progress_report /home/christian/BachelorThesis/workspace/cs_merge/cs_merge_icp/build/CMakeFiles/CMakeTmp/CMakeFiles 1
Building C object CMakeFiles/cmTryCompileExec892873144.dir/CheckSymbolExists.c.o
/usr/bin/cc    -o CMakeFiles/cmTryCompileExec892873144.dir/CheckSymbolExists.c.o   -c /home/christian/BachelorThesis/workspace/cs_merge/cs_merge_icp/build/CMakeFiles/CMakeTmp/CheckSymbolExists.c
Linking C executable cmTryCompileExec892873144
/usr/bin/cmake -E cmake_link_script CMakeFiles/cmTryCompileExec892873144.dir/link.txt --verbose=1
/usr/bin/cc       CMakeFiles/cmTryCompileExec892873144.dir/CheckSymbolExists.c.o  -o cmTryCompileExec892873144 -rdynamic 
CMakeFiles/cmTryCompileExec892873144.dir/CheckSymbolExists.c.o: In Funktion `main':
CheckSymbolExists.c:(.text+0x16): Nicht definierter Verweis auf `pthread_create'
collect2: error: ld returned 1 exit status
make[2]: *** [cmTryCompileExec892873144] Fehler 1
make[2]: Verzeichnis »/home/christian/BachelorThesis/workspace/cs_merge/cs_merge_icp/build/CMakeFiles/CMakeTmp« wird verlassen
make[1]: *** [cmTryCompileExec892873144/fast] Fehler 2
make[1]: Verzeichnis »/home/christian/BachelorThesis/workspace/cs_merge/cs_merge_icp/build/CMakeFiles/CMakeTmp« wird verlassen

File /home/christian/BachelorThesis/workspace/cs_merge/cs_merge_icp/build/CMakeFiles/CMakeTmp/CheckSymbolExists.c:
/* */
#include <pthread.h>

int main(int argc, char** argv)
{
  (void)argv;
#ifndef pthread_create
  return ((int*)(&pthread_create))[argc];
#else
  (void)argc;
  return 0;
#endif
}

Determining if the function pthread_create exists in the pthreads failed with the following output:
Change Dir: /home/christian/BachelorThesis/workspace/cs_merge/cs_merge_icp/build/CMakeFiles/CMakeTmp

Run Build Command:/usr/bin/make "cmTryCompileExec578562693/fast"
make[1]: Verzeichnis »/home/christian/BachelorThesis/workspace/cs_merge/cs_merge_icp/build/CMakeFiles/CMakeTmp« wird betreten
/usr/bin/make -f CMakeFiles/cmTryCompileExec578562693.dir/build.make CMakeFiles/cmTryCompileExec578562693.dir/build
make[2]: Verzeichnis »/home/christian/BachelorThesis/workspace/cs_merge/cs_merge_icp/build/CMakeFiles/CMakeTmp« wird betreten
/usr/bin/cmake -E cmake_progress_report /home/christian/BachelorThesis/workspace/cs_merge/cs_merge_icp/build/CMakeFiles/CMakeTmp/CMakeFiles 1
Building C object CMakeFiles/cmTryCompileExec578562693.dir/CheckFunctionExists.c.o
/usr/bin/cc   -DCHECK_FUNCTION_EXISTS=pthread_create   -o CMakeFiles/cmTryCompileExec578562693.dir/CheckFunctionExists.c.o   -c /usr/share/cmake-2.8/Modules/CheckFunctionExists.c
Linking C executable cmTryCompileExec578562693
/usr/bin/cmake -E cmake_link_script CMakeFiles/cmTryCompileExec578562693.dir/link.txt --verbose=1
/usr/bin/cc   -DCHECK_FUNCTION_EXISTS=pthread_create    CMakeFiles/cmTryCompileExec578562693.dir/CheckFunctionExists.c.o  -o cmTryCompileExec578562693 -rdynamic -lpthreads 
/usr/bin/ld: cannot find -lpthreads
collect2: error: ld returned 1 exit status
make[2]: *** [cmTryCompileExec578562693] Fehler 1
make[2]: Verzeichnis »/home/christian/BachelorThesis/workspace/cs_merge/cs_merge_icp/build/CMakeFiles/CMakeTmp« wird verlassen
make[1]: *** [cmTryCompileExec578562693/fast] Fehler 2
make[1]: Verzeichnis »/home/christian/BachelorThesis/workspace/cs_merge/cs_merge_icp/build/CMakeFiles/CMakeTmp« wird verlassen


Determining if the function pthread_create exists in the pthreads failed with the following output:
Change Dir: /home/apollon/robotino_workspace/hydro/cs_merge/cs_merge_icp/build/CMakeFiles/CMakeTmp

Run Build Command:/usr/bin/make "cmTryCompileExec/fast"
make[1]: Entering directory `/home/apollon/robotino_workspace/hydro/cs_merge/cs_merge_icp/build/CMakeFiles/CMakeTmp'
/usr/bin/make -f CMakeFiles/cmTryCompileExec.dir/build.make CMakeFiles/cmTryCompileExec.dir/build
make[2]: Entering directory `/home/apollon/robotino_workspace/hydro/cs_merge/cs_merge_icp/build/CMakeFiles/CMakeTmp'
/usr/bin/cmake -E cmake_progress_report /home/apollon/robotino_workspace/hydro/cs_merge/cs_merge_icp/build/CMakeFiles/CMakeTmp/CMakeFiles 1
Building C object CMakeFiles/cmTryCompileExec.dir/CheckFunctionExists.c.o
/usr/bin/gcc   -DCHECK_FUNCTION_EXISTS=pthread_create   -o CMakeFiles/cmTryCompileExec.dir/CheckFunctionExists.c.o   -c /usr/share/cmake-2.8/Modules/CheckFunctionExists.c
Linking C executable cmTryCompileExec
/usr/bin/cmake -E cmake_link_script CMakeFiles/cmTryCompileExec.dir/link.txt --verbose=1
/usr/bin/gcc     -DCHECK_FUNCTION_EXISTS=pthread_create    CMakeFiles/cmTryCompileExec.dir/CheckFunctionExists.c.o  -o cmTryCompileExec -rdynamic -lpthreads 
/usr/bin/ld: cannot find -lpthreads
collect2: ld returned 1 exit status
make[2]: *** [cmTryCompileExec] Error 1
make[2]: Leaving directory `/home/apollon/robotino_workspace/hydro/cs_merge/cs_merge_icp/build/CMakeFiles/CMakeTmp'
make[1]: Leaving directory `/home/apollon/robotino_workspace/hydro/cs_merge/cs_merge_icp/build/CMakeFiles/CMakeTmp'
make[1]: *** [cmTryCompileExec/fast] Error 2


Determining if the pthread_create exist failed with the following output:
Change Dir: /home/christian/BachelorThesis/workspace/cs_merge/cs_merge_icp/build/CMakeFiles/CMakeTmp

Run Build Command:/usr/bin/make "cmTryCompileExec3061779135/fast"
make[1]: Verzeichnis »/home/christian/BachelorThesis/workspace/cs_merge/cs_merge_icp/build/CMakeFiles/CMakeTmp« wird betreten
/usr/bin/make -f CMakeFiles/cmTryCompileExec3061779135.dir/build.make CMakeFiles/cmTryCompileExec3061779135.dir/build
make[2]: Verzeichnis »/home/christian/BachelorThesis/workspace/cs_merge/cs_merge_icp/build/CMakeFiles/CMakeTmp« wird betreten
/usr/bin/cmake -E cmake_progress_report /home/christian/BachelorThesis/workspace/cs_merge/cs_merge_icp/build/CMakeFiles/CMakeTmp/CMakeFiles 1
Building C object CMakeFiles/cmTryCompileExec3061779135.dir/CheckSymbolExists.c.o
/usr/bin/cc    -o CMakeFiles/cmTryCompileExec3061779135.dir/CheckSymbolExists.c.o   -c /home/christian/BachelorThesis/workspace/cs_merge/cs_merge_icp/build/CMakeFiles/CMakeTmp/CheckSymbolExists.c
Linking C executable cmTryCompileExec3061779135
/usr/bin/cmake -E cmake_link_script CMakeFiles/cmTryCompileExec3061779135.dir/link.txt --verbose=1
/usr/bin/cc       CMakeFiles/cmTryCompileExec3061779135.dir/CheckSymbolExists.c.o  -o cmTryCompileExec3061779135 -rdynamic 
CMakeFiles/cmTryCompileExec3061779135.dir/CheckSymbolExists.c.o: In Funktion `main':
CheckSymbolExists.c:(.text+0x16): Nicht definierter Verweis auf `pthread_create'
collect2: error: ld returned 1 exit status
make[2]: *** [cmTryCompileExec3061779135] Fehler 1
make[2]: Verzeichnis »/home/christian/BachelorThesis/workspace/cs_merge/cs_merge_icp/build/CMakeFiles/CMakeTmp« wird verlassen
make[1]: *** [cmTryCompileExec3061779135/fast] Fehler 2
make[1]: Verzeichnis »/home/christian/BachelorThesis/workspace/cs_merge/cs_merge_icp/build/CMakeFiles/CMakeTmp« wird verlassen

File /home/christian/BachelorThesis/workspace/cs_merge/cs_merge_icp/build/CMakeFiles/CMakeTmp/CheckSymbolExists.c:
/* */
#include <pthread.h>

int main(int argc, char** argv)
{
  (void)argv;
#ifndef pthread_create
  return ((int*)(&pthread_create))[argc];
#else
  (void)argc;
  return 0;
#endif
}

Determining if the function pthread_create exists in the pthreads failed with the following output:
Change Dir: /home/christian/BachelorThesis/workspace/cs_merge/cs_merge_icp/build/CMakeFiles/CMakeTmp

Run Build Command:/usr/bin/make "cmTryCompileExec1790869758/fast"
make[1]: Verzeichnis »/home/christian/BachelorThesis/workspace/cs_merge/cs_merge_icp/build/CMakeFiles/CMakeTmp« wird betreten
/usr/bin/make -f CMakeFiles/cmTryCompileExec1790869758.dir/build.make CMakeFiles/cmTryCompileExec1790869758.dir/build
make[2]: Verzeichnis »/home/christian/BachelorThesis/workspace/cs_merge/cs_merge_icp/build/CMakeFiles/CMakeTmp« wird betreten
/usr/bin/cmake -E cmake_progress_report /home/christian/BachelorThesis/workspace/cs_merge/cs_merge_icp/build/CMakeFiles/CMakeTmp/CMakeFiles 1
Building C object CMakeFiles/cmTryCompileExec1790869758.dir/CheckFunctionExists.c.o
/usr/bin/cc   -DCHECK_FUNCTION_EXISTS=pthread_create   -o CMakeFiles/cmTryCompileExec1790869758.dir/CheckFunctionExists.c.o   -c /usr/share/cmake-2.8/Modules/CheckFunctionExists.c
Linking C executable cmTryCompileExec1790869758
/usr/bin/cmake -E cmake_link_script CMakeFiles/cmTryCompileExec1790869758.dir/link.txt --verbose=1
/usr/bin/cc   -DCHECK_FUNCTION_EXISTS=pthread_create    CMakeFiles/cmTryCompileExec1790869758.dir/CheckFunctionExists.c.o  -o cmTryCompileExec1790869758 -rdynamic -lpthreads 
/usr/bin/ld: cannot find -lpthreads
collect2: error: ld returned 1 exit status
make[2]: *** [cmTryCompileExec1790869758] Fehler 1
make[2]: Verzeichnis »/home/christian/BachelorThesis/workspace/cs_merge/cs_merge_icp/build/CMakeFiles/CMakeTmp« wird verlassen
make[1]: Verzeichnis »/home/christian/BachelorThesis/workspace/cs_merge/cs_merge_icp/build/CMakeFiles/CMakeTmp« wird verlassen
make[1]: *** [cmTryCompileExec1790869758/fast] Fehler 2


Determining if the function pthread_create exists in the pthreads failed with the following output:
Change Dir: /home/apollon/robotino_workspace/hydro/cs_merge/cs_merge_icp/build/CMakeFiles/CMakeTmp

Run Build Command:/usr/bin/make "cmTryCompileExec/fast"
make[1]: Entering directory `/home/apollon/robotino_workspace/hydro/cs_merge/cs_merge_icp/build/CMakeFiles/CMakeTmp'
/usr/bin/make -f CMakeFiles/cmTryCompileExec.dir/build.make CMakeFiles/cmTryCompileExec.dir/build
make[2]: Entering directory `/home/apollon/robotino_workspace/hydro/cs_merge/cs_merge_icp/build/CMakeFiles/CMakeTmp'
/usr/bin/cmake -E cmake_progress_report /home/apollon/robotino_workspace/hydro/cs_merge/cs_merge_icp/build/CMakeFiles/CMakeTmp/CMakeFiles 1
Building C object CMakeFiles/cmTryCompileExec.dir/CheckFunctionExists.c.o
/usr/bin/gcc   -DCHECK_FUNCTION_EXISTS=pthread_create   -o CMakeFiles/cmTryCompileExec.dir/CheckFunctionExists.c.o   -c /usr/share/cmake-2.8/Modules/CheckFunctionExists.c
Linking C executable cmTryCompileExec
/usr/bin/cmake -E cmake_link_script CMakeFiles/cmTryCompileExec.dir/link.txt --verbose=1
/usr/bin/gcc     -DCHECK_FUNCTION_EXISTS=pthread_create    CMakeFiles/cmTryCompileExec.dir/CheckFunctionExists.c.o  -o cmTryCompileExec -rdynamic -lpthreads 
/usr/bin/ld: cannot find -lpthreads
collect2: ld returned 1 exit status
make[2]: *** [cmTryCompileExec] Error 1
make[2]: Leaving directory `/home/apollon/robotino_workspace/hydro/cs_merge/cs_merge_icp/build/CMakeFiles/CMakeTmp'
make[1]: *** [cmTryCompileExec/fast] Error 2
make[1]: Leaving directory `/home/apollon/robotino_workspace/hydro/cs_merge/cs_merge_icp/build/CMakeFiles/CMakeTmp'


Determining if the pthread_create exist failed with the following output:
Change Dir: /home/christian/BachelorThesis/workspace/cs_merge/cs_merge_icp/build/CMakeFiles/CMakeTmp

Run Build Command:/usr/bin/make "cmTryCompileExec2152453390/fast"
make[1]: Verzeichnis »/home/christian/BachelorThesis/workspace/cs_merge/cs_merge_icp/build/CMakeFiles/CMakeTmp« wird betreten
/usr/bin/make -f CMakeFiles/cmTryCompileExec2152453390.dir/build.make CMakeFiles/cmTryCompileExec2152453390.dir/build
make[2]: Verzeichnis »/home/christian/BachelorThesis/workspace/cs_merge/cs_merge_icp/build/CMakeFiles/CMakeTmp« wird betreten
/usr/bin/cmake -E cmake_progress_report /home/christian/BachelorThesis/workspace/cs_merge/cs_merge_icp/build/CMakeFiles/CMakeTmp/CMakeFiles 1
Building C object CMakeFiles/cmTryCompileExec2152453390.dir/CheckSymbolExists.c.o
/usr/bin/cc    -o CMakeFiles/cmTryCompileExec2152453390.dir/CheckSymbolExists.c.o   -c /home/christian/BachelorThesis/workspace/cs_merge/cs_merge_icp/build/CMakeFiles/CMakeTmp/CheckSymbolExists.c
Linking C executable cmTryCompileExec2152453390
/usr/bin/cmake -E cmake_link_script CMakeFiles/cmTryCompileExec2152453390.dir/link.txt --verbose=1
/usr/bin/cc       CMakeFiles/cmTryCompileExec2152453390.dir/CheckSymbolExists.c.o  -o cmTryCompileExec2152453390 -rdynamic 
CMakeFiles/cmTryCompileExec2152453390.dir/CheckSymbolExists.c.o: In Funktion `main':
CheckSymbolExists.c:(.text+0x16): Nicht definierter Verweis auf `pthread_create'
collect2: error: ld returned 1 exit status
make[2]: *** [cmTryCompileExec2152453390] Fehler 1
make[2]: Verzeichnis »/home/christian/BachelorThesis/workspace/cs_merge/cs_merge_icp/build/CMakeFiles/CMakeTmp« wird verlassen
make[1]: Verzeichnis »/home/christian/BachelorThesis/workspace/cs_merge/cs_merge_icp/build/CMakeFiles/CMakeTmp« wird verlassen
make[1]: *** [cmTryCompileExec2152453390/fast] Fehler 2

File /home/christian/BachelorThesis/workspace/cs_merge/cs_merge_icp/build/CMakeFiles/CMakeTmp/CheckSymbolExists.c:
/* */
#include <pthread.h>

int main(int argc, char** argv)
{
  (void)argv;
#ifndef pthread_create
  return ((int*)(&pthread_create))[argc];
#else
  (void)argc;
  return 0;
#endif
}

Determining if the function pthread_create exists in the pthreads failed with the following output:
Change Dir: /home/christian/BachelorThesis/workspace/cs_merge/cs_merge_icp/build/CMakeFiles/CMakeTmp

Run Build Command:/usr/bin/make "cmTryCompileExec3523762199/fast"
make[1]: Verzeichnis »/home/christian/BachelorThesis/workspace/cs_merge/cs_merge_icp/build/CMakeFiles/CMakeTmp« wird betreten
/usr/bin/make -f CMakeFiles/cmTryCompileExec3523762199.dir/build.make CMakeFiles/cmTryCompileExec3523762199.dir/build
make[2]: Verzeichnis »/home/christian/BachelorThesis/workspace/cs_merge/cs_merge_icp/build/CMakeFiles/CMakeTmp« wird betreten
/usr/bin/cmake -E cmake_progress_report /home/christian/BachelorThesis/workspace/cs_merge/cs_merge_icp/build/CMakeFiles/CMakeTmp/CMakeFiles 1
Building C object CMakeFiles/cmTryCompileExec3523762199.dir/CheckFunctionExists.c.o
/usr/bin/cc   -DCHECK_FUNCTION_EXISTS=pthread_create   -o CMakeFiles/cmTryCompileExec3523762199.dir/CheckFunctionExists.c.o   -c /usr/share/cmake-2.8/Modules/CheckFunctionExists.c
Linking C executable cmTryCompileExec3523762199
/usr/bin/cmake -E cmake_link_script CMakeFiles/cmTryCompileExec3523762199.dir/link.txt --verbose=1
/usr/bin/cc   -DCHECK_FUNCTION_EXISTS=pthread_create    CMakeFiles/cmTryCompileExec3523762199.dir/CheckFunctionExists.c.o  -o cmTryCompileExec3523762199 -rdynamic -lpthreads 
/usr/bin/ld: cannot find -lpthreads
collect2: error: ld returned 1 exit status
make[2]: Verzeichnis »/home/christian/BachelorThesis/workspace/cs_merge/cs_merge_icp/build/CMakeFiles/CMakeTmp« wird verlassen
make[2]: *** [cmTryCompileExec3523762199] Fehler 1
make[1]: Verzeichnis »/home/christian/BachelorThesis/workspace/cs_merge/cs_merge_icp/build/CMakeFiles/CMakeTmp« wird verlassen
make[1]: *** [cmTryCompileExec3523762199/fast] Fehler 2


Determining if the pthread_create exist failed with the following output:
Change Dir: /home/christian/cs_merge_publication/cs_merge/cs_merge_icp/build/CMakeFiles/CMakeTmp

Run Build Command:/usr/bin/make "cmTryCompileExec3960592359/fast"
make[1]: Verzeichnis »/home/christian/cs_merge_publication/cs_merge/cs_merge_icp/build/CMakeFiles/CMakeTmp« wird betreten
/usr/bin/make -f CMakeFiles/cmTryCompileExec3960592359.dir/build.make CMakeFiles/cmTryCompileExec3960592359.dir/build
make[2]: Verzeichnis »/home/christian/cs_merge_publication/cs_merge/cs_merge_icp/build/CMakeFiles/CMakeTmp« wird betreten
/usr/bin/cmake -E cmake_progress_report /home/christian/cs_merge_publication/cs_merge/cs_merge_icp/build/CMakeFiles/CMakeTmp/CMakeFiles 1
Building C object CMakeFiles/cmTryCompileExec3960592359.dir/CheckSymbolExists.c.o
/usr/bin/cc    -o CMakeFiles/cmTryCompileExec3960592359.dir/CheckSymbolExists.c.o   -c /home/christian/cs_merge_publication/cs_merge/cs_merge_icp/build/CMakeFiles/CMakeTmp/CheckSymbolExists.c
Linking C executable cmTryCompileExec3960592359
/usr/bin/cmake -E cmake_link_script CMakeFiles/cmTryCompileExec3960592359.dir/link.txt --verbose=1
/usr/bin/cc       CMakeFiles/cmTryCompileExec3960592359.dir/CheckSymbolExists.c.o  -o cmTryCompileExec3960592359 -rdynamic 
CMakeFiles/cmTryCompileExec3960592359.dir/CheckSymbolExists.c.o: In Funktion `main':
CheckSymbolExists.c:(.text+0x16): Nicht definierter Verweis auf `pthread_create'
collect2: error: ld returned 1 exit status
make[2]: *** [cmTryCompileExec3960592359] Fehler 1
make[2]: Verzeichnis »/home/christian/cs_merge_publication/cs_merge/cs_merge_icp/build/CMakeFiles/CMakeTmp« wird verlassen
make[1]: *** [cmTryCompileExec3960592359/fast] Fehler 2
make[1]: Verzeichnis »/home/christian/cs_merge_publication/cs_merge/cs_merge_icp/build/CMakeFiles/CMakeTmp« wird verlassen

File /home/christian/cs_merge_publication/cs_merge/cs_merge_icp/build/CMakeFiles/CMakeTmp/CheckSymbolExists.c:
/* */
#include <pthread.h>

int main(int argc, char** argv)
{
  (void)argv;
#ifndef pthread_create
  return ((int*)(&pthread_create))[argc];
#else
  (void)argc;
  return 0;
#endif
}

Determining if the function pthread_create exists in the pthreads failed with the following output:
Change Dir: /home/christian/cs_merge_publication/cs_merge/cs_merge_icp/build/CMakeFiles/CMakeTmp

Run Build Command:/usr/bin/make "cmTryCompileExec3966018318/fast"
make[1]: Verzeichnis »/home/christian/cs_merge_publication/cs_merge/cs_merge_icp/build/CMakeFiles/CMakeTmp« wird betreten
/usr/bin/make -f CMakeFiles/cmTryCompileExec3966018318.dir/build.make CMakeFiles/cmTryCompileExec3966018318.dir/build
make[2]: Verzeichnis »/home/christian/cs_merge_publication/cs_merge/cs_merge_icp/build/CMakeFiles/CMakeTmp« wird betreten
/usr/bin/cmake -E cmake_progress_report /home/christian/cs_merge_publication/cs_merge/cs_merge_icp/build/CMakeFiles/CMakeTmp/CMakeFiles 1
Building C object CMakeFiles/cmTryCompileExec3966018318.dir/CheckFunctionExists.c.o
/usr/bin/cc   -DCHECK_FUNCTION_EXISTS=pthread_create   -o CMakeFiles/cmTryCompileExec3966018318.dir/CheckFunctionExists.c.o   -c /usr/share/cmake-2.8/Modules/CheckFunctionExists.c
Linking C executable cmTryCompileExec3966018318
/usr/bin/cmake -E cmake_link_script CMakeFiles/cmTryCompileExec3966018318.dir/link.txt --verbose=1
/usr/bin/cc   -DCHECK_FUNCTION_EXISTS=pthread_create    CMakeFiles/cmTryCompileExec3966018318.dir/CheckFunctionExists.c.o  -o cmTryCompileExec3966018318 -rdynamic -lpthreads 
/usr/bin/ld: cannot find -lpthreads
collect2: error: ld returned 1 exit status
make[2]: *** [cmTryCompileExec3966018318] Fehler 1
make[2]: Verzeichnis »/home/christian/cs_merge_publication/cs_merge/cs_merge_icp/build/CMakeFiles/CMakeTmp« wird verlassen
make[1]: *** [cmTryCompileExec3966018318/fast] Fehler 2
make[1]: Verzeichnis »/home/christian/cs_merge_publication/cs_merge/cs_merge_icp/build/CMakeFiles/CMakeTmp« wird verlassen


Determining if the pthread_create exist failed with the following output:
Change Dir: /home/christian/cs_merge_publication/cs_merge/cs_merge_methods/build/CMakeFiles/CMakeTmp

Run Build Command:/usr/bin/make "cmTryCompileExec3869734149/fast"
make[1]: Verzeichnis »/home/christian/cs_merge_publication/cs_merge/cs_merge_methods/build/CMakeFiles/CMakeTmp« wird betreten
/usr/bin/make -f CMakeFiles/cmTryCompileExec3869734149.dir/build.make CMakeFiles/cmTryCompileExec3869734149.dir/build
make[2]: Verzeichnis »/home/christian/cs_merge_publication/cs_merge/cs_merge_methods/build/CMakeFiles/CMakeTmp« wird betreten
/usr/bin/cmake -E cmake_progress_report /home/christian/cs_merge_publication/cs_merge/cs_merge_methods/build/CMakeFiles/CMakeTmp/CMakeFiles 1
Building C object CMakeFiles/cmTryCompileExec3869734149.dir/CheckSymbolExists.c.o
/usr/bin/cc    -o CMakeFiles/cmTryCompileExec3869734149.dir/CheckSymbolExists.c.o   -c /home/christian/cs_merge_publication/cs_merge/cs_merge_methods/build/CMakeFiles/CMakeTmp/CheckSymbolExists.c
Linking C executable cmTryCompileExec3869734149
/usr/bin/cmake -E cmake_link_script CMakeFiles/cmTryCompileExec3869734149.dir/link.txt --verbose=1
/usr/bin/cc       CMakeFiles/cmTryCompileExec3869734149.dir/CheckSymbolExists.c.o  -o cmTryCompileExec3869734149 -rdynamic 
CMakeFiles/cmTryCompileExec3869734149.dir/CheckSymbolExists.c.o: In Funktion `main':
CheckSymbolExists.c:(.text+0x16): Nicht definierter Verweis auf `pthread_create'
collect2: error: ld returned 1 exit status
make[2]: *** [cmTryCompileExec3869734149] Fehler 1
make[2]: Verzeichnis »/home/christian/cs_merge_publication/cs_merge/cs_merge_methods/build/CMakeFiles/CMakeTmp« wird verlassen
make[1]: *** [cmTryCompileExec3869734149/fast] Fehler 2
make[1]: Verzeichnis »/home/christian/cs_merge_publication/cs_merge/cs_merge_methods/build/CMakeFiles/CMakeTmp« wird verlassen

File /home/christian/cs_merge_publication/cs_merge/cs_merge_methods/build/CMakeFiles/CMakeTmp/CheckSymbolExists.c:
/* */
#include <pthread.h>

int main(int argc, char** argv)
{
  (void)argv;
#ifndef pthread_create
  return ((int*)(&pthread_create))[argc];
#else
  (void)argc;
  return 0;
#endif
}

Determining if the function pthread_create exists in the pthreads failed with the following output:
Change Dir: /home/christian/cs_merge_publication/cs_merge/cs_merge_methods/build/CMakeFiles/CMakeTmp

Run Build Command:/usr/bin/make "cmTryCompileExec1490189066/fast"
make[1]: Verzeichnis »/home/christian/cs_merge_publication/cs_merge/cs_merge_methods/build/CMakeFiles/CMakeTmp« wird betreten
/usr/bin/make -f CMakeFiles/cmTryCompileExec1490189066.dir/build.make CMakeFiles/cmTryCompileExec1490189066.dir/build
make[2]: Verzeichnis »/home/christian/cs_merge_publication/cs_merge/cs_merge_methods/build/CMakeFiles/CMakeTmp« wird betreten
/usr/bin/cmake -E cmake_progress_report /home/christian/cs_merge_publication/cs_merge/cs_merge_methods/build/CMakeFiles/CMakeTmp/CMakeFiles 1
Building C object CMakeFiles/cmTryCompileExec1490189066.dir/CheckFunctionExists.c.o
/usr/bin/cc   -DCHECK_FUNCTION_EXISTS=pthread_create   -o CMakeFiles/cmTryCompileExec1490189066.dir/CheckFunctionExists.c.o   -c /usr/share/cmake-2.8/Modules/CheckFunctionExists.c
Linking C executable cmTryCompileExec1490189066
/usr/bin/cmake -E cmake_link_script CMakeFiles/cmTryCompileExec1490189066.dir/link.txt --verbose=1
/usr/bin/cc   -DCHECK_FUNCTION_EXISTS=pthread_create    CMakeFiles/cmTryCompileExec1490189066.dir/CheckFunctionExists.c.o  -o cmTryCompileExec1490189066 -rdynamic -lpthreads 
/usr/bin/ld: cannot find -lpthreads
collect2: error: ld returned 1 exit status
make[2]: *** [cmTryCompileExec1490189066] Fehler 1
make[2]: Verzeichnis »/home/christian/cs_merge_publication/cs_merge/cs_merge_methods/build/CMakeFiles/CMakeTmp« wird verlassen
make[1]: *** [cmTryCompileExec1490189066/fast] Fehler 2
make[1]: Verzeichnis »/home/christian/cs_merge_publication/cs_merge/cs_merge_methods/build/CMakeFiles/CMakeTmp« wird verlassen


