Determining if the pthread_create exist failed with the following output:
Change Dir: /home/christian/catkin_ws/build/CMakeFiles/CMakeTmp

Run Build Command:/usr/bin/make "cmTryCompileExec108182619/fast"
/usr/bin/make -f CMakeFiles/cmTryCompileExec108182619.dir/build.make CMakeFiles/cmTryCompileExec108182619.dir/build
make[1]: Verzeichnis »/home/christian/catkin_ws/build/CMakeFiles/CMakeTmp« wird betreten
/usr/bin/cmake -E cmake_progress_report /home/christian/catkin_ws/build/CMakeFiles/CMakeTmp/CMakeFiles 1
Building C object CMakeFiles/cmTryCompileExec108182619.dir/CheckSymbolExists.c.o
/usr/bin/cc    -o CMakeFiles/cmTryCompileExec108182619.dir/CheckSymbolExists.c.o   -c /home/christian/catkin_ws/build/CMakeFiles/CMakeTmp/CheckSymbolExists.c
Linking C executable cmTryCompileExec108182619
/usr/bin/cmake -E cmake_link_script CMakeFiles/cmTryCompileExec108182619.dir/link.txt --verbose=1
/usr/bin/cc       CMakeFiles/cmTryCompileExec108182619.dir/CheckSymbolExists.c.o  -o cmTryCompileExec108182619 -rdynamic 
CMakeFiles/cmTryCompileExec108182619.dir/CheckSymbolExists.c.o: In Funktion `main':
CheckSymbolExists.c:(.text+0x16): Nicht definierter Verweis auf `pthread_create'
collect2: error: ld returned 1 exit status
make[1]: Verzeichnis »/home/christian/catkin_ws/build/CMakeFiles/CMakeTmp« wird verlassen
make[1]: *** [cmTryCompileExec108182619] Fehler 1
make: *** [cmTryCompileExec108182619/fast] Fehler 2

File /home/christian/catkin_ws/build/CMakeFiles/CMakeTmp/CheckSymbolExists.c:
/* */
#include <pthread.h>

int main(int argc, char** argv)
{
  (void)argv;
#ifndef pthread_create
  return ((int*)(&pthread_create))[argc];
#else
  (void)argc;
  return 0;
#endif
}

Determining if the function pthread_create exists in the pthreads failed with the following output:
Change Dir: /home/christian/catkin_ws/build/CMakeFiles/CMakeTmp

Run Build Command:/usr/bin/make "cmTryCompileExec326160607/fast"
/usr/bin/make -f CMakeFiles/cmTryCompileExec326160607.dir/build.make CMakeFiles/cmTryCompileExec326160607.dir/build
make[1]: Verzeichnis »/home/christian/catkin_ws/build/CMakeFiles/CMakeTmp« wird betreten
/usr/bin/cmake -E cmake_progress_report /home/christian/catkin_ws/build/CMakeFiles/CMakeTmp/CMakeFiles 1
Building C object CMakeFiles/cmTryCompileExec326160607.dir/CheckFunctionExists.c.o
/usr/bin/cc   -DCHECK_FUNCTION_EXISTS=pthread_create   -o CMakeFiles/cmTryCompileExec326160607.dir/CheckFunctionExists.c.o   -c /usr/share/cmake-2.8/Modules/CheckFunctionExists.c
Linking C executable cmTryCompileExec326160607
/usr/bin/cmake -E cmake_link_script CMakeFiles/cmTryCompileExec326160607.dir/link.txt --verbose=1
/usr/bin/cc   -DCHECK_FUNCTION_EXISTS=pthread_create    CMakeFiles/cmTryCompileExec326160607.dir/CheckFunctionExists.c.o  -o cmTryCompileExec326160607 -rdynamic -lpthreads 
/usr/bin/ld: cannot find -lpthreads
collect2: error: ld returned 1 exit status
make[1]: *** [cmTryCompileExec326160607] Fehler 1
make[1]: Verzeichnis »/home/christian/catkin_ws/build/CMakeFiles/CMakeTmp« wird verlassen
make: *** [cmTryCompileExec326160607/fast] Fehler 2


